[debug] [2024-01-08T13:17:07.776Z] ----------------------------------------------------------------------
[debug] [2024-01-08T13:17:07.779Z] Command:       C:\Program Files\nodejs\node.exe C:\Users\HP\AppData\Roaming\npm\node_modules\firebase-tools\lib\bin\firebase.js deploy
[debug] [2024-01-08T13:17:07.780Z] CLI Version:   13.0.2
[debug] [2024-01-08T13:17:07.780Z] Platform:      win32
[debug] [2024-01-08T13:17:07.780Z] Node Version:  v20.10.0
[debug] [2024-01-08T13:17:07.780Z] Time:          Mon Jan 08 2024 18:47:07 GMT+0530 (India Standard Time)
[debug] [2024-01-08T13:17:07.780Z] ----------------------------------------------------------------------
[debug] 
[debug] [2024-01-08T13:17:08.233Z] > command requires scopes: ["email","openid","https://www.googleapis.com/auth/cloudplatformprojects.readonly","https://www.googleapis.com/auth/firebase","https://www.googleapis.com/auth/cloud-platform"]
[debug] [2024-01-08T13:17:08.234Z] > authorizing via signed-in user (agrawal2002yash@gmail.com)
[debug] [2024-01-08T13:17:08.234Z] [iam] checking project expense-c7906 for permissions ["firebase.projects.get","firebasehosting.sites.update"]
[debug] [2024-01-08T13:17:08.237Z] > refreshing access token with scopes: []
[debug] [2024-01-08T13:17:08.240Z] >>> [apiv2][query] POST https://www.googleapis.com/oauth2/v3/token [none]
[debug] [2024-01-08T13:17:08.241Z] >>> [apiv2][body] POST https://www.googleapis.com/oauth2/v3/token [omitted]
[debug] [2024-01-08T13:17:08.515Z] <<< [apiv2][status] POST https://www.googleapis.com/oauth2/v3/token 400
[debug] [2024-01-08T13:17:08.515Z] <<< [apiv2][body] POST https://www.googleapis.com/oauth2/v3/token [omitted]
[debug] [2024-01-08T13:17:08.515Z] >>> [apiv2][query] POST https://cloudresourcemanager.googleapis.com/v1/projects/expense-c7906:testIamPermissions [none]
[debug] [2024-01-08T13:17:08.516Z] >>> [apiv2][(partial)header] POST https://cloudresourcemanager.googleapis.com/v1/projects/expense-c7906:testIamPermissions x-goog-quota-user=projects/expense-c7906
[debug] [2024-01-08T13:17:08.516Z] >>> [apiv2][body] POST https://cloudresourcemanager.googleapis.com/v1/projects/expense-c7906:testIamPermissions {"permissions":["firebase.projects.get","firebasehosting.sites.update"]}
[debug] [2024-01-08T13:17:10.087Z] <<< [apiv2][status] POST https://cloudresourcemanager.googleapis.com/v1/projects/expense-c7906:testIamPermissions 401
[debug] [2024-01-08T13:17:10.088Z] <<< [apiv2][body] POST https://cloudresourcemanager.googleapis.com/v1/projects/expense-c7906:testIamPermissions {"error":{"code":401,"message":"Request had invalid authentication credentials. Expected OAuth 2 access token, login cookie or other valid authentication credential. See https://developers.google.com/identity/sign-in/web/devconsole-project.","status":"UNAUTHENTICATED","details":[{"@type":"type.googleapis.com/google.rpc.ErrorInfo","reason":"ACCESS_TOKEN_TYPE_UNSUPPORTED","metadata":{"method":"google.cloudresourcemanager.v1.Projects.TestIamPermissions","service":"cloudresourcemanager.googleapis.com"}}]}}
[debug] [2024-01-08T13:17:10.089Z] [iam] error while checking permissions, command may fail: FirebaseError: HTTP Error: 401, Request had invalid authentication credentials. Expected OAuth 2 access token, login cookie or other valid authentication credential. See https://developers.google.com/identity/sign-in/web/devconsole-project.
[debug] [2024-01-08T13:17:10.089Z] > refreshing access token with scopes: []
[debug] [2024-01-08T13:17:10.090Z] >>> [apiv2][query] POST https://www.googleapis.com/oauth2/v3/token [none]
[debug] [2024-01-08T13:17:10.090Z] >>> [apiv2][body] POST https://www.googleapis.com/oauth2/v3/token [omitted]
[debug] [2024-01-08T13:17:10.182Z] <<< [apiv2][status] POST https://www.googleapis.com/oauth2/v3/token 400
[debug] [2024-01-08T13:17:10.183Z] <<< [apiv2][body] POST https://www.googleapis.com/oauth2/v3/token [omitted]
[debug] [2024-01-08T13:17:10.183Z] >>> [apiv2][query] GET https://firebase.googleapis.com/v1beta1/projects/expense-c7906 [none]
[debug] [2024-01-08T13:17:10.505Z] <<< [apiv2][status] GET https://firebase.googleapis.com/v1beta1/projects/expense-c7906 401
[debug] [2024-01-08T13:17:10.505Z] <<< [apiv2][body] GET https://firebase.googleapis.com/v1beta1/projects/expense-c7906 {"error":{"code":401,"message":"Request had invalid authentication credentials. Expected OAuth 2 access token, login cookie or other valid authentication credential. See https://developers.google.com/identity/sign-in/web/devconsole-project.","status":"UNAUTHENTICATED"}}
[debug] [2024-01-08T13:17:10.506Z] HTTP Error: 401, Request had invalid authentication credentials. Expected OAuth 2 access token, login cookie or other valid authentication credential. See https://developers.google.com/identity/sign-in/web/devconsole-project.
[error] 
[error] Error: Assertion failed: resolving hosting target of a site with no site name or target name. This should have caused an error earlier
[debug] [2024-01-08T13:17:22.232Z] ----------------------------------------------------------------------
[debug] [2024-01-08T13:17:22.235Z] Command:       C:\Program Files\nodejs\node.exe C:\Users\HP\AppData\Roaming\npm\node_modules\firebase-tools\lib\bin\firebase.js init
[debug] [2024-01-08T13:17:22.235Z] CLI Version:   13.0.2
[debug] [2024-01-08T13:17:22.235Z] Platform:      win32
[debug] [2024-01-08T13:17:22.236Z] Node Version:  v20.10.0
[debug] [2024-01-08T13:17:22.236Z] Time:          Mon Jan 08 2024 18:47:22 GMT+0530 (India Standard Time)
[debug] [2024-01-08T13:17:22.236Z] ----------------------------------------------------------------------
[debug] 
[debug] [2024-01-08T13:17:22.317Z] > command requires scopes: ["email","openid","https://www.googleapis.com/auth/cloudplatformprojects.readonly","https://www.googleapis.com/auth/firebase","https://www.googleapis.com/auth/cloud-platform"]
[debug] [2024-01-08T13:17:22.317Z] > authorizing via signed-in user (agrawal2002yash@gmail.com)
[info] 
     ######## #### ########  ######## ########     ###     ######  ########
     ##        ##  ##     ## ##       ##     ##  ##   ##  ##       ##
     ######    ##  ########  ######   ########  #########  ######  ######
     ##        ##  ##    ##  ##       ##     ## ##     ##       ## ##
     ##       #### ##     ## ######## ########  ##     ##  ######  ########

You're about to initialize a Firebase project in this directory:

  G:\angular tutorial\expenses\expense_tracker_v2

Before we get started, keep in mind:

  * You are initializing within an existing Firebase project directory

[info] 
=== Project Setup
[info] 
[info] First, let's associate this project directory with a Firebase project.
[info] You can create multiple project aliases by running firebase use --add, 
[info] but for now we'll just set up a default project.
[info] 
[debug] [2024-01-08T13:17:33.369Z] Using project from CLI flag: expense-c7906
[debug] [2024-01-08T13:17:33.372Z] > refreshing access token with scopes: []
[debug] [2024-01-08T13:17:33.375Z] >>> [apiv2][query] POST https://www.googleapis.com/oauth2/v3/token [none]
[debug] [2024-01-08T13:17:33.375Z] >>> [apiv2][body] POST https://www.googleapis.com/oauth2/v3/token [omitted]
[debug] [2024-01-08T13:17:33.692Z] <<< [apiv2][status] POST https://www.googleapis.com/oauth2/v3/token 400
[debug] [2024-01-08T13:17:33.692Z] <<< [apiv2][body] POST https://www.googleapis.com/oauth2/v3/token [omitted]
[debug] [2024-01-08T13:17:33.693Z] >>> [apiv2][query] GET https://firebase.googleapis.com/v1beta1/projects/expense-c7906 [none]
[debug] [2024-01-08T13:17:33.922Z] <<< [apiv2][status] GET https://firebase.googleapis.com/v1beta1/projects/expense-c7906 401
[debug] [2024-01-08T13:17:33.922Z] <<< [apiv2][body] GET https://firebase.googleapis.com/v1beta1/projects/expense-c7906 {"error":{"code":401,"message":"Request had invalid authentication credentials. Expected OAuth 2 access token, login cookie or other valid authentication credential. See https://developers.google.com/identity/sign-in/web/devconsole-project.","status":"UNAUTHENTICATED"}}
[debug] [2024-01-08T13:17:33.923Z] HTTP Error: 401, Request had invalid authentication credentials. Expected OAuth 2 access token, login cookie or other valid authentication credential. See https://developers.google.com/identity/sign-in/web/devconsole-project.
[debug] [2024-01-08T13:17:34.116Z] FirebaseError: HTTP Error: 401, Request had invalid authentication credentials. Expected OAuth 2 access token, login cookie or other valid authentication credential. See https://developers.google.com/identity/sign-in/web/devconsole-project.
    at responseToError (C:\Users\HP\AppData\Roaming\npm\node_modules\firebase-tools\lib\responseToError.js:49:12)
    at RetryOperation._fn (C:\Users\HP\AppData\Roaming\npm\node_modules\firebase-tools\lib\apiv2.js:292:77)
    at process.processTicksAndRejections (node:internal/process/task_queues:95:5)
[error] 
[error] Error: Failed to get Firebase project expense-c7906. Please make sure the project exists and your account has permission to access it.
